Log file open, 04/10/17 11:34:46
LogInit:Display: Running engine for game: ChurchModel
LogPlatformFile: Not using cached read wrapper
LogInit:Display: RandInit(1552093964) SRandInit(1552093964).
LogTaskGraph: Started task graph with 5 named threads and 8 total threads with 1 sets of task threads.
LogStats: Stats thread started at 0.110903
LogPluginManager: Loaded Plugin Paper2D, From C:/Users/Sophia/UE_4.14/Engine/Plugins/2D/Paper2D/Paper2D.uplugin
LogPluginManager: Loaded Plugin LightPropagationVolume, From C:/Users/Sophia/UE_4.14/Engine/Plugins/Blendables/LightPropagationVolume/LightPropagationVolume.uplugin
LogPluginManager: Loaded Plugin BlankPlugin, From C:/Users/Sophia/UE_4.14/Engine/Plugins/Developer/BlankPlugin/BlankPlugin.uplugin
LogPluginManager: Loaded Plugin CodeLiteSourceCodeAccess, From C:/Users/Sophia/UE_4.14/Engine/Plugins/Developer/CodeLiteSourceCodeAccess/CodeLiteSourceCodeAccess.uplugin
LogPluginManager: Loaded Plugin GitSourceControl, From C:/Users/Sophia/UE_4.14/Engine/Plugins/Developer/GitSourceControl/GitSourceControl.uplugin
LogPluginManager: Loaded Plugin KDevelopSourceCodeAccess, From C:/Users/Sophia/UE_4.14/Engine/Plugins/Developer/KDevelopSourceCodeAccess/KDevelopSourceCodeAccess.uplugin
LogPluginManager: Loaded Plugin NullSourceCodeAccess, From C:/Users/Sophia/UE_4.14/Engine/Plugins/Developer/NullSourceCodeAccess/NullSourceCodeAccess.uplugin
LogPluginManager: Loaded Plugin OneSkyLocalizationService, From C:/Users/Sophia/UE_4.14/Engine/Plugins/Developer/OneSkyLocalizationService/OneSkyLocalizationService.uplugin
LogPluginManager: Loaded Plugin PerforceSourceControl, From C:/Users/Sophia/UE_4.14/Engine/Plugins/Developer/PerforceSourceControl/PerforceSourceControl.uplugin
LogPluginManager: Loaded Plugin SubversionSourceControl, From C:/Users/Sophia/UE_4.14/Engine/Plugins/Developer/SubversionSourceControl/SubversionSourceControl.uplugin
LogPluginManager: Loaded Plugin UObjectPlugin, From C:/Users/Sophia/UE_4.14/Engine/Plugins/Developer/UObjectPlugin/UObjectPlugin.uplugin
LogPluginManager: Loaded Plugin VisualStudioSourceCodeAccess, From C:/Users/Sophia/UE_4.14/Engine/Plugins/Developer/VisualStudioSourceCodeAccess/VisualStudioSourceCodeAccess.uplugin
LogPluginManager: Loaded Plugin XCodeSourceCodeAccess, From C:/Users/Sophia/UE_4.14/Engine/Plugins/Developer/XCodeSourceCodeAccess/XCodeSourceCodeAccess.uplugin
LogPluginManager: Loaded Plugin AudioCapture, From C:/Users/Sophia/UE_4.14/Engine/Plugins/Editor/AudioCapture/AudioCapture.uplugin
LogPluginManager: Loaded Plugin EpicSurvey, From C:/Users/Sophia/UE_4.14/Engine/Plugins/Editor/EpicSurvey/EpicSurvey.uplugin
LogPluginManager: Loaded Plugin MacGraphicsSwitching, From C:/Users/Sophia/UE_4.14/Engine/Plugins/Editor/MacGraphicsSwitching/MacGraphicsSwitching.uplugin
LogPluginManager: Loaded Plugin MobileLauncherProfileWizard, From C:/Users/Sophia/UE_4.14/Engine/Plugins/Editor/MobileLauncherProfileWizard/MobileLauncherProfileWizard.uplugin
LogPluginManager: Loaded Plugin PluginBrowser, From C:/Users/Sophia/UE_4.14/Engine/Plugins/Editor/PluginBrowser/PluginBrowser.uplugin
LogPluginManager: Loaded Plugin SpeedTreeImporter, From C:/Users/Sophia/UE_4.14/Engine/Plugins/Editor/SpeedTreeImporter/SpeedTreeImporter.uplugin
LogPluginManager: Loaded Plugin SuperSearchEditor, From C:/Users/Sophia/UE_4.14/Engine/Plugins/Editor/SuperSearchEditor/SuperSearchEditor.uplugin
LogPluginManager: Loaded Plugin AlembicImporter, From C:/Users/Sophia/UE_4.14/Engine/Plugins/Experimental/AlembicImporter/AlembicImporter.uplugin
LogPluginManager: Loaded Plugin BlueprintStats, From C:/Users/Sophia/UE_4.14/Engine/Plugins/Experimental/BlueprintStats/BlueprintStats.uplugin
LogPluginManager: Loaded Plugin CharacterAI, From C:/Users/Sophia/UE_4.14/Engine/Plugins/Experimental/CharacterAI/CharacterAI.uplugin
LogPluginManager: Loaded Plugin CodeEditor, From C:/Users/Sophia/UE_4.14/Engine/Plugins/Experimental/CodeEditor/CodeEditor.uplugin
LogPluginManager: Loaded Plugin CodeView, From C:/Users/Sophia/UE_4.14/Engine/Plugins/Experimental/CodeView/CodeView.uplugin
LogPluginManager: Loaded Plugin HTML5Networking, From C:/Users/Sophia/UE_4.14/Engine/Plugins/Experimental/HTML5Networking/HTML5Networking.uplugin
LogPluginManager: Loaded Plugin OSVR, From C:/Users/Sophia/UE_4.14/Engine/Plugins/Experimental/OSVR/OSVR.uplugin
LogPluginManager: Loaded Plugin Phya, From C:/Users/Sophia/UE_4.14/Engine/Plugins/Experimental/Phya/Phya.uplugin
LogPluginManager: Loaded Plugin SignificanceManager, From C:/Users/Sophia/UE_4.14/Engine/Plugins/Experimental/SignificanceManager/SignificanceManager.uplugin
LogPluginManager: Loaded Plugin SimpleHMD, From C:/Users/Sophia/UE_4.14/Engine/Plugins/Experimental/SimpleHMD/SimpleHMD.uplugin
LogPluginManager: Loaded Plugin StereoPanorama, From C:/Users/Sophia/UE_4.14/Engine/Plugins/Experimental/StereoPanorama/StereoPanorama.uplugin
LogPluginManager: Loaded Plugin StructBox, From C:/Users/Sophia/UE_4.14/Engine/Plugins/Experimental/StructBox/StructBox.uplugin
LogPluginManager: Loaded Plugin AndroidMedia, From C:/Users/Sophia/UE_4.14/Engine/Plugins/Media/AndroidMedia/AndroidMedia.uplugin
LogPluginManager: Loaded Plugin AvfMedia, From C:/Users/Sophia/UE_4.14/Engine/Plugins/Media/AvfMedia/AvfMedia.uplugin
LogPluginManager: Loaded Plugin MediaPlayerEditor, From C:/Users/Sophia/UE_4.14/Engine/Plugins/Media/MediaPlayerEditor/MediaPlayerEditor.uplugin
LogPluginManager: Loaded Plugin WmfMedia, From C:/Users/Sophia/UE_4.14/Engine/Plugins/Media/WmfMedia/WmfMedia.uplugin
LogPluginManager: Loaded Plugin MessagingDebugger, From C:/Users/Sophia/UE_4.14/Engine/Plugins/Messaging/MessagingDebugger/MessagingDebugger.uplugin
LogPluginManager: Loaded Plugin TcpMessaging, From C:/Users/Sophia/UE_4.14/Engine/Plugins/Messaging/TcpMessaging/TcpMessaging.uplugin
LogPluginManager: Loaded Plugin UdpMessaging, From C:/Users/Sophia/UE_4.14/Engine/Plugins/Messaging/UdpMessaging/UdpMessaging.uplugin
LogPluginManager: Loaded Plugin LevelSequenceEditor, From C:/Users/Sophia/UE_4.14/Engine/Plugins/MovieScene/LevelSequenceEditor/LevelSequenceEditor.uplugin
LogPluginManager: Loaded Plugin MatineeToLevelSequence, From C:/Users/Sophia/UE_4.14/Engine/Plugins/MovieScene/MatineeToLevelSequence/MatineeToLevelSequence.uplugin
LogPluginManager: Loaded Plugin NetcodeUnitTest, From C:/Users/Sophia/UE_4.14/Engine/Plugins/NetcodeUnitTest/NetcodeUnitTest/NetcodeUnitTest.uplugin
LogPluginManager: Loaded Plugin NUTUnrealEngine4, From C:/Users/Sophia/UE_4.14/Engine/Plugins/NetcodeUnitTest/NUTUnrealEngine4/NUTUnrealEngine4.uplugin
LogPluginManager: Loaded Plugin OnlineSubsystemGameCircle, From C:/Users/Sophia/UE_4.14/Engine/Plugins/Online/Android/OnlineSubsystemGameCircle/OnlineSubsystemGameCircle.uplugin
LogPluginManager: Loaded Plugin OnlineSubsystemGooglePlay, From C:/Users/Sophia/UE_4.14/Engine/Plugins/Online/Android/OnlineSubsystemGooglePlay/OnlineSubsystemGooglePlay.uplugin
LogPluginManager: Loaded Plugin OnlineSubsystemIOS, From C:/Users/Sophia/UE_4.14/Engine/Plugins/Online/IOS/OnlineSubsystemIOS/OnlineSubsystemIOS.uplugin
LogPluginManager: Loaded Plugin OnlineFramework, From C:/Users/Sophia/UE_4.14/Engine/Plugins/Online/OnlineFramework/OnlineFramework.uplugin
LogPluginManager: Loaded Plugin OnlineSubsystem, From C:/Users/Sophia/UE_4.14/Engine/Plugins/Online/OnlineSubsystem/OnlineSubsystem.uplugin
LogPluginManager: Loaded Plugin OnlineSubsystemAmazon, From C:/Users/Sophia/UE_4.14/Engine/Plugins/Online/OnlineSubsystemAmazon/OnlineSubsystemAmazon.uplugin
LogPluginManager: Loaded Plugin OnlineSubsystemFacebook, From C:/Users/Sophia/UE_4.14/Engine/Plugins/Online/OnlineSubsystemFacebook/OnlineSubsystemFacebook.uplugin
LogPluginManager: Loaded Plugin OnlineSubsystemNull, From C:/Users/Sophia/UE_4.14/Engine/Plugins/Online/OnlineSubsystemNull/OnlineSubsystemNull.uplugin
LogPluginManager: Loaded Plugin OnlineSubsystemOculus, From C:/Users/Sophia/UE_4.14/Engine/Plugins/Online/OnlineSubsystemOculus/OnlineSubsystemOculus.uplugin
LogPluginManager: Loaded Plugin OnlineSubsystemSteam, From C:/Users/Sophia/UE_4.14/Engine/Plugins/Online/OnlineSubsystemSteam/OnlineSubsystemSteam.uplugin
LogPluginManager: Loaded Plugin OnlineSubsystemUtils, From C:/Users/Sophia/UE_4.14/Engine/Plugins/Online/OnlineSubsystemUtils/OnlineSubsystemUtils.uplugin
LogPluginManager: Loaded Plugin IOSTapJoy, From C:/Users/Sophia/UE_4.14/Engine/Plugins/Runtime/Advertising/IOSTapJoy/IOSTapJoy.uplugin
LogPluginManager: Loaded Plugin AnalyticsBlueprintLibrary, From C:/Users/Sophia/UE_4.14/Engine/Plugins/Runtime/Analytics/AnalyticsBlueprintLibrary/AnalyticsBlueprintLibrary.uplugin
LogPluginManager: Loaded Plugin AnalyticsMulticast, From C:/Users/Sophia/UE_4.14/Engine/Plugins/Runtime/Analytics/AnalyticsMulticast/AnalyticsMulticast.uplugin
LogPluginManager: Loaded Plugin Apsalar, From C:/Users/Sophia/UE_4.14/Engine/Plugins/Runtime/Analytics/Apsalar/Apsalar.uplugin
LogPluginManager: Loaded Plugin FileLogging, From C:/Users/Sophia/UE_4.14/Engine/Plugins/Runtime/Analytics/FileLogging/FileLogging.uplugin
LogPluginManager: Loaded Plugin Flurry, From C:/Users/Sophia/UE_4.14/Engine/Plugins/Runtime/Analytics/Flurry/Flurry.uplugin
LogPluginManager: Loaded Plugin AndroidDeviceProfileSelector, From C:/Users/Sophia/UE_4.14/Engine/Plugins/Runtime/AndroidDeviceProfileSelector/AndroidDeviceProfileSelector.uplugin
LogPluginManager: Loaded Plugin AndroidMoviePlayer, From C:/Users/Sophia/UE_4.14/Engine/Plugins/Runtime/AndroidMoviePlayer/AndroidMoviePlayer.uplugin
LogPluginManager: Loaded Plugin AppleMoviePlayer, From C:/Users/Sophia/UE_4.14/Engine/Plugins/Runtime/AppleMoviePlayer/AppleMoviePlayer.uplugin
LogPluginManager: Loaded Plugin ArchVisCharacter, From C:/Users/Sophia/UE_4.14/Engine/Plugins/Runtime/ArchVisCharacter/ArchVisCharacter.uplugin
LogPluginManager: Loaded Plugin CableComponent, From C:/Users/Sophia/UE_4.14/Engine/Plugins/Runtime/CableComponent/CableComponent.uplugin
LogPluginManager: Loaded Plugin CustomMeshComponent, From C:/Users/Sophia/UE_4.14/Engine/Plugins/Runtime/CustomMeshComponent/CustomMeshComponent.uplugin
LogPluginManager: Loaded Plugin ExampleDeviceProfileSelector, From C:/Users/Sophia/UE_4.14/Engine/Plugins/Runtime/ExampleDeviceProfileSelector/ExampleDeviceProfileSelector.uplugin
LogPluginManager: Loaded Plugin GearVR, From C:/Users/Sophia/UE_4.14/Engine/Plugins/Runtime/GearVR/GearVR.uplugin
LogPluginManager: Loaded Plugin GoogleVRController, From C:/Users/Sophia/UE_4.14/Engine/Plugins/Runtime/GoogleVR/GoogleVRController/GoogleVRController.uplugin
LogPluginManager: Loaded Plugin GoogleVRHMD, From C:/Users/Sophia/UE_4.14/Engine/Plugins/Runtime/GoogleVR/GoogleVRHMD/GoogleVRHMD.uplugin
LogPluginManager: Loaded Plugin IOSDeviceProfileSelector, From C:/Users/Sophia/UE_4.14/Engine/Plugins/Runtime/IOSDeviceProfileSelector/IOSDeviceProfileSelector.uplugin
LogPluginManager: Loaded Plugin LeapMotion, From C:/Users/Sophia/UE_4.14/Engine/Plugins/Runtime/LeapMotion/LeapMotion.uplugin
LogPluginManager: Loaded Plugin LinuxDeviceProfileSelector, From C:/Users/Sophia/UE_4.14/Engine/Plugins/Runtime/LinuxDeviceProfileSelector/LinuxDeviceProfileSelector.uplugin
LogPluginManager: Loaded Plugin MIDIDevice, From C:/Users/Sophia/UE_4.14/Engine/Plugins/Runtime/MIDIDevice/MIDIDevice.uplugin
LogPluginManager: Loaded Plugin MobilePatchingUtils, From C:/Users/Sophia/UE_4.14/Engine/Plugins/Runtime/MobilePatchingUtils/MobilePatchingUtils.uplugin
LogPluginManager: Loaded Plugin Ansel, From C:/Users/Sophia/UE_4.14/Engine/Plugins/Runtime/Nvidia/Ansel/Ansel.uplugin
LogPluginManager: Loaded Plugin OculusAudio, From C:/Users/Sophia/UE_4.14/Engine/Plugins/Runtime/OculusAudio/OculusAudio.uplugin
LogPluginManager: Loaded Plugin OculusInput, From C:/Users/Sophia/UE_4.14/Engine/Plugins/Runtime/OculusInput/OculusInput.uplugin
LogPluginManager: Loaded Plugin OculusLibrary, From C:/Users/Sophia/UE_4.14/Engine/Plugins/Runtime/OculusLibrary/OculusLibrary.uplugin
LogPluginManager: Loaded Plugin OculusRift, From C:/Users/Sophia/UE_4.14/Engine/Plugins/Runtime/OculusRift/OculusRift.uplugin
LogPluginManager: Loaded Plugin Oodle, From C:/Users/Sophia/UE_4.14/Engine/Plugins/Runtime/PacketHandlers/CompressionComponents/Oodle/Oodle.uplugin
LogPluginManager: Loaded Plugin ProceduralMeshComponent, From C:/Users/Sophia/UE_4.14/Engine/Plugins/Runtime/ProceduralMeshComponent/ProceduralMeshComponent.uplugin
LogPluginManager: Loaded Plugin SoundMod, From C:/Users/Sophia/UE_4.14/Engine/Plugins/Runtime/SoundMod/SoundMod.uplugin
LogPluginManager: Loaded Plugin SoundVisualizations, From C:/Users/Sophia/UE_4.14/Engine/Plugins/Runtime/SoundVisualizations/SoundVisualizations.uplugin
LogPluginManager: Loaded Plugin SteamController, From C:/Users/Sophia/UE_4.14/Engine/Plugins/Runtime/Steam/SteamController/SteamController.uplugin
LogPluginManager: Loaded Plugin SteamVR, From C:/Users/Sophia/UE_4.14/Engine/Plugins/Runtime/Steam/SteamVR/SteamVR.uplugin
LogPluginManager: Loaded Plugin WebBrowserWidget, From C:/Users/Sophia/UE_4.14/Engine/Plugins/Runtime/WebBrowserWidget/WebBrowserWidget.uplugin
LogPluginManager: Loaded Plugin WindowsDeviceProfileSelector, From C:/Users/Sophia/UE_4.14/Engine/Plugins/Runtime/WindowsDeviceProfileSelector/WindowsDeviceProfileSelector.uplugin
LogPluginManager: Loaded Plugin WindowsMoviePlayer, From C:/Users/Sophia/UE_4.14/Engine/Plugins/Runtime/WindowsMoviePlayer/WindowsMoviePlayer.uplugin
LogPluginManager: Loaded Plugin ScriptPlugin, From C:/Users/Sophia/UE_4.14/Engine/Plugins/ScriptPlugin/ScriptPlugin.uplugin
LogPluginManager: Loaded Plugin SlateRemote, From C:/Users/Sophia/UE_4.14/Engine/Plugins/Slate/SlateRemote/SlateRemote.uplugin
LogPluginManager: Loaded Plugin EditorTests, From C:/Users/Sophia/UE_4.14/Engine/Plugins/Tests/EditorTests/EditorTests.uplugin
LogPluginManager: Loaded Plugin FbxAutomationTestBuilder, From C:/Users/Sophia/UE_4.14/Engine/Plugins/Tests/FbxAutomationTestBuilder/FbxAutomationTestBuilder.uplugin
LogPluginManager: Loaded Plugin FunctionalTestingEditor, From C:/Users/Sophia/UE_4.14/Engine/Plugins/Tests/FunctionalTestingEditor/FunctionalTestingEditor.uplugin
LogPluginManager: Loaded Plugin RuntimeTests, From C:/Users/Sophia/UE_4.14/Engine/Plugins/Tests/RuntimeTests/RuntimeTests.uplugin
LogPluginManager: Loaded Plugin ScreenshotTools, From C:/Users/Sophia/UE_4.14/Engine/Plugins/Tests/ScreenshotTools/ScreenshotTools.uplugin
LogInit: Using libcurl 7.47.1
LogInit:  - built for x86_64-pc-win32
LogInit:  - supports SSL with OpenSSL/1.0.2g
LogInit:  - supports HTTP deflate (compression) using libz 1.2.8
LogInit:  - other features:
LogInit:      CURL_VERSION_SSL
LogInit:      CURL_VERSION_LIBZ
LogInit:      CURL_VERSION_IPV6
LogInit:      CURL_VERSION_ASYNCHDNS
LogInit:      CURL_VERSION_LARGEFILE
LogInit:      CURL_VERSION_IDN
LogInit:  CurlRequestOptions (configurable via config and command line):
LogInit:  - bVerifyPeer = false  - Libcurl will NOT verify peer certificate
LogInit:  - bUseHttpProxy = false  - Libcurl will NOT use HTTP proxy
LogInit:  - bDontReuseConnections = false  - Libcurl will reuse connections
LogInit:  - CertBundlePath = nullptr  - Libcurl will use whatever was configured at build time.
LogInit: Build: ++UE4+Release-4.14-CL-3249277
LogInit: Engine Version: 4.14.3-3249277+++UE4+Release-4.14
LogInit: Compatible Engine Version: 4.14.0-3195953+++UE4+Release-4.14
LogInit: Net CL: 3195953
LogDevObjectVersion: Number of dev versions registered: 13
LogDevObjectVersion:   Dev-Blueprints (B0D832E4-1F89-4F0D-ACCF-7EB736FD4AA2): 7
LogDevObjectVersion:   Dev-Build (E1C64328-A22C-4D53-A36C-8E866417BD8C): 0
LogDevObjectVersion:   Dev-Core (375EC13C-06E4-48FB-B500-84F0262A717E): 1
LogDevObjectVersion:   Dev-Editor (E4B068ED-F494-42E9-A231-DA0B2E46BB41): 8
LogDevObjectVersion:   Dev-Framework (CFFC743F-43B0-4480-9391-14DF171D2073): 17
LogDevObjectVersion:   Dev-Mobile (B02B49B5-BB20-44E9-A304-32B752E40360): 0
LogDevObjectVersion:   Dev-Networking (A4E4105C-59A1-49B5-A7C5-40C4547EDFEE): 0
LogDevObjectVersion:   Dev-Online (39C831C9-5AE6-47DC-9A44-9C173E1C8E7C): 0
LogDevObjectVersion:   Dev-Physics (78F01B33-EBEA-4F98-B9B4-84EACCB95AA2): 0
LogDevObjectVersion:   Dev-Platform (6631380F-2D4D-43E0-8009-CF276956A95A): 0
LogDevObjectVersion:   Dev-Rendering (12F88B9F-8875-4AFC-A67C-D90C383ABD29): 12
LogDevObjectVersion:   Dev-Sequencer (7B5AE74C-D270-4C10-A958-57980B212A5A): 1
LogDevObjectVersion:   Dev-VR (D7296918-1DD6-4BDD-9DE2-64A83CC13884): 0
LogInit: Compiled (64-bit): Jan  6 2017 10:49:43
LogInit: Compiled with Visual C++: 19.00.23026.00
LogInit: Build Configuration: Development
LogInit: Branch Name: ++UE4+Release-4.14
LogInit: Command line: -EpicPortal 
LogInit: Base directory: C:/Users/Sophia/UE_4.14/Engine/Binaries/Win64/
LogInit: Installed Engine Build: 1
LogInit: Presizing for max 8388607 objects, including 0 objects not considered by GC, pre-allocating 0 bytes for permanent pool.
LogInit: Object subsystem initialized
[2017.04.10-15.34.46:617][  0]LogInit: Selected Device Profile: [Windows]
[2017.04.10-15.34.46:617][  0]LogInit: Applying CVar settings loaded from the selected device profile: [Windows]
[2017.04.10-15.34.46:630][  0]LogInit: Computer: DESKTOP-46896L4
[2017.04.10-15.34.46:630][  0]LogInit: User: Sophia
[2017.04.10-15.34.46:630][  0]LogInit: CPU Page size=65536, Cores=4
[2017.04.10-15.34.46:630][  0]LogInit: High frequency timer resolution =2.531249 MHz
[2017.04.10-15.34.46:630][  0]LogMemory: Memory total: Physical=11.9GB (12GB approx)
[2017.04.10-15.34.46:630][  0]LogMemory: Platform Memory Stats for Windows
[2017.04.10-15.34.46:630][  0]LogMemory: Process Physical Memory: 263.12 MB used, 263.12 MB peak
[2017.04.10-15.34.46:630][  0]LogMemory: Process Virtual Memory: 262.65 MB used, 262.65 MB peak
[2017.04.10-15.34.46:630][  0]LogMemory: Physical Memory: 5510.43 MB used,  6713.36 MB free, 12223.79 MB total
[2017.04.10-15.34.46:630][  0]LogMemory: Virtual Memory: 677.44 MB used,  6713.36 MB free, 134217728.00 MB total
[2017.04.10-15.34.46:657][  0]LogTextLocalizationManager: No specific translations for ('en-US') exist, so ('en') translations will be used.
[2017.04.10-15.34.47:520][  0]LogD3D11RHI: D3D11 adapters:
[2017.04.10-15.34.47:561][  0]LogD3D11RHI:    0. 'NVIDIA GeForce GTX 1060' (Feature Level 11_0)
[2017.04.10-15.34.47:561][  0]LogD3D11RHI:       6100/0/6111 MB DedicatedVideo/DedicatedSystem/SharedSystem, Outputs:1, VendorId:0x10de
[2017.04.10-15.34.47:563][  0]LogD3D11RHI:    1. 'Microsoft Basic Render Driver' (Feature Level 11_0)
[2017.04.10-15.34.47:563][  0]LogD3D11RHI:       0/0/6111 MB DedicatedVideo/DedicatedSystem/SharedSystem, Outputs:0, VendorId:0x1414
[2017.04.10-15.34.47:563][  0]LogD3D11RHI: Chosen D3D11 Adapter: 0
[2017.04.10-15.34.47:570][  0]LogD3D11RHI: Creating new Direct3DDevice
[2017.04.10-15.34.47:570][  0]LogD3D11RHI:     GPU DeviceId: 0x1c60 (for the marketing name, search the web for "GPU Device Id")
[2017.04.10-15.34.47:570][  0]LogWindows: EnumDisplayDevices:
[2017.04.10-15.34.47:570][  0]LogWindows:    0. 'NVIDIA GeForce GTX 1060' (P:1 D:1)
[2017.04.10-15.34.47:570][  0]LogWindows:    1. 'NVIDIA GeForce GTX 1060' (P:0 D:0)
[2017.04.10-15.34.47:571][  0]LogWindows:    2. 'NVIDIA GeForce GTX 1060' (P:0 D:0)
[2017.04.10-15.34.47:571][  0]LogWindows:    3. 'NVIDIA GeForce GTX 1060' (P:0 D:0)
[2017.04.10-15.34.47:571][  0]LogWindows: DebugString: FoundDriverCount:4 
[2017.04.10-15.34.47:571][  0]LogD3D11RHI:     Adapter Name: NVIDIA GeForce GTX 1060
[2017.04.10-15.34.47:571][  0]LogD3D11RHI:   Driver Version: 369.02 (internal:21.21.13.6902, unified:369.02)
[2017.04.10-15.34.47:571][  0]LogD3D11RHI:      Driver Date: 7-25-2016
[2017.04.10-15.34.47:571][  0]LogRHI: Texture pool is 1361 MB (70% of 1945 MB)
[2017.04.10-15.34.47:591][  0]LogD3D11RHI: Async texture creation enabled
[2017.04.10-15.34.47:603][  0]LogD3D11RHI: GPU Timing Frequency: 1000.000000 (Debug: 2 1)
[2017.04.10-15.34.47:604][  0]LogShaderCompilers: Guid format shader working directory is 10 characters bigger than the processId version (../../../../Documents/Unreal Projects/Intermediate/Shaders/WorkingDirectory/8064/).
[2017.04.10-15.34.47:604][  0]LogShaderCompilers: Cleaned the shader compiler working directory 'C:/Users/Sophia/AppData/Local/Temp/UnrealShaderWorkingDir/41AFB3FB4923C3DFFB14CF9AF5900677/'.
[2017.04.10-15.34.47:605][  0]LogShaderCompilers:Display: Using Local Shader Compiler.
[2017.04.10-15.34.48:706][  0]LogTemp:Display: Loaded TP AllDesktopTargetPlatform
[2017.04.10-15.34.48:772][  0]LogTemp:Display: Loaded TP MacClientTargetPlatform
[2017.04.10-15.34.48:839][  0]LogTemp:Display: Loaded TP MacNoEditorTargetPlatform
[2017.04.10-15.34.48:907][  0]LogTemp:Display: Loaded TP MacServerTargetPlatform
[2017.04.10-15.34.48:974][  0]LogTemp:Display: Loaded TP MacTargetPlatform
[2017.04.10-15.34.49:042][  0]LogTemp:Display: Loaded TP WindowsClientTargetPlatform
[2017.04.10-15.34.49:109][  0]LogTemp:Display: Loaded TP WindowsNoEditorTargetPlatform
[2017.04.10-15.34.49:175][  0]LogTemp:Display: Loaded TP WindowsServerTargetPlatform
[2017.04.10-15.34.49:230][  0]LogTemp:Display: Loaded TP WindowsTargetPlatform
[2017.04.10-15.34.49:295][  0]LogTemp:Display: Loaded TP AndroidTargetPlatform
[2017.04.10-15.34.49:361][  0]LogTemp:Display: Loaded TP Android_ASTCTargetPlatform
[2017.04.10-15.34.49:432][  0]LogTemp:Display: Loaded TP Android_ATCTargetPlatform
[2017.04.10-15.34.49:497][  0]LogTemp:Display: Loaded TP Android_DXTTargetPlatform
[2017.04.10-15.34.49:577][  0]LogTemp:Display: Loaded TP Android_ETC1TargetPlatform
[2017.04.10-15.34.49:641][  0]LogTemp:Display: Loaded TP Android_ETC2TargetPlatform
[2017.04.10-15.34.49:770][  0]LogTemp:Display: Loaded TP Android_MultiTargetPlatform
[2017.04.10-15.34.49:771][  0]LogTemp:Display: Loaded TP Android_PVRTCTargetPlatform
[2017.04.10-15.34.49:820][  0]LogTemp:Display: Loaded TP HTML5TargetPlatform
[2017.04.10-15.34.49:923][  0]LogTemp:Display: Loaded TP IOSTargetPlatform
[2017.04.10-15.34.49:964][  0]LogTemp:Display: Loaded TP TVOSTargetPlatform
[2017.04.10-15.34.50:029][  0]LogTemp:Display: Loaded TP LinuxClientTargetPlatform
[2017.04.10-15.34.50:094][  0]LogTemp:Display: Loaded TP LinuxNoEditorTargetPlatform
[2017.04.10-15.34.50:160][  0]LogTemp:Display: Loaded TP LinuxServerTargetPlatform
[2017.04.10-15.34.50:224][  0]LogTemp:Display: Loaded TP LinuxTargetPlatform
[2017.04.10-15.34.50:225][  0]LogTargetPlatformManager:Display: Building Assets For Windows
[2017.04.10-15.34.50:754][  0]LogDerivedDataCache:Display: Max Cache Size: 512 MB
[2017.04.10-15.34.50:801][  0]LogDerivedDataCache: Loaded boot cache 0.05s 50MB C:/Users/Sophia/AppData/Local/UnrealEngine/4.14/DerivedDataCache/Boot.ddc.
[2017.04.10-15.34.50:801][  0]LogDerivedDataCache:Display: Loaded Boot cache: C:/Users/Sophia/AppData/Local/UnrealEngine/4.14/DerivedDataCache/Boot.ddc
[2017.04.10-15.34.50:801][  0]LogDerivedDataCache: FDerivedDataBackendGraph:  Pak pak cache file ../../../../Documents/Unreal Projects/DerivedDataCache/DDC.ddp not found, will not use a pak cache.
[2017.04.10-15.34.50:801][  0]LogDerivedDataCache: Unable to find inner node Pak for hierarchical cache Hierarchy.
[2017.04.10-15.34.50:801][  0]LogDerivedDataCache: FDerivedDataBackendGraph:  CompressedPak pak cache file ../../../../Documents/Unreal Projects/DerivedDataCache/Compressed.ddp not found, will not use a pak cache.
[2017.04.10-15.34.50:801][  0]LogDerivedDataCache: Unable to find inner node CompressedPak for hierarchical cache Hierarchy.
[2017.04.10-15.34.50:818][  0]LogDerivedDataCache:Display: Pak cache opened for reading ../../../Engine/DerivedDataCache/Compressed.ddp.
[2017.04.10-15.34.50:831][  0]LogDerivedDataCache: Using Local data cache path C:/Users/Sophia/AppData/Local/UnrealEngine/Common/DerivedDataCache: Writable
[2017.04.10-15.34.51:042][  0]LogInit: Selected Device Profile: [Windows]
[2017.04.10-15.34.51:045][  0]LogContentStreaming: Texture pool size is 0.00 MB
[2017.04.10-15.34.51:281][  0]LogMeshUtilities: Using QuadricMeshReduction for automatic static mesh reduction
[2017.04.10-15.34.51:339][  0]LogSimplygon: Simplygon DLL not present - disabling.
[2017.04.10-15.34.51:399][  0]LogMeshUtilities: Using SimplygonSwarm for distributed automatic mesh merging
[2017.04.10-15.34.51:399][  0]LogMeshUtilities: No automatic skeletal mesh reduction module available
[2017.04.10-15.34.51:399][  0]LogMeshUtilities: No automatic mesh merging module available
[2017.04.10-15.34.51:947][  0]LogNetVersion: GetLocalNetworkVersion: CL: 3195953, ProjectName: churchmodel, ProjectVersion: , EngineNetworkVersion: 2, GameNetworkVersion: 0, NetworkChecksum: 1755706621
[2017.04.10-15.34.52:010][  0]LogAssetRegistry: FAssetRegistry took 0.0223 seconds to start up
[2017.04.10-15.34.52:068][  0]LogPackageLocalizationCache: Processed 3 localized package path(s) for 2 prioritized culture(s) in 0.027457 seconds
[2017.04.10-15.34.52:073][  0]LogUObjectArray: 31946 objects as part of root set at end of initial load.
[2017.04.10-15.34.52:073][  0]LogUObjectAllocator: 6935848 out of 0 bytes used by permanent object pool.
[2017.04.10-15.34.52:073][  0]LogUObjectArray: CloseDisregardForGC: 0/0 objects in disregard for GC pool
[2017.04.10-15.34.52:177][  0]LogInit: WinSock: version 1.1 (2.2), MaxSocks=32767, MaxUdp=65467
[2017.04.10-15.34.53:126][  0]LogSlate: Using Freetype 2.6.0
[2017.04.10-15.34.53:126][  0]LogSlate: SlateFontCache - WITH_FREETYPE: 1, WITH_HARFBUZZ: 1
[2017.04.10-15.34.53:126][  0]LogSlate: SlateFontCache - WITH_FREETYPE: 1, WITH_HARFBUZZ: 1
[2017.04.10-15.34.54:136][  0]LogTcpMessaging: Initializing TcpMessaging bridge
[2017.04.10-15.34.54:216][  0]LogUdpMessaging: Initializing bridge on interface 0.0.0.0:0 to multicast group 230.0.0.1:6666.
[2017.04.10-15.34.54:588][  0]LogMaterial: Uniform references updated for custom material expression Custom.
[2017.04.10-15.34.55:062][  0]SourceControl: Info Source control is disabled
[2017.04.10-15.34.55:064][  0]SourceControl: Info Source control is disabled
[2017.04.10-15.34.55:123][  0]SourceControl: Info Source control is disabled
[2017.04.10-15.34.55:182][  0]SourceControl: Info Source control is disabled
[2017.04.10-15.34.56:861][  0]LogEngine: Initializing Engine...
[2017.04.10-15.34.56:861][  0]LogHMD: Failed to initialize OpenVR with code 110
[2017.04.10-15.34.57:136][  0]LogAIModule: Creating AISystem for world Untitled
[2017.04.10-15.34.57:141][  0]LogInit: XAudio2 using 'Speakers (Realtek High Definition Audio)' : 2 channels at 48 kHz using 32 bits per sample (channel mask 0x3)
[2017.04.10-15.34.57:192][  0]LogInit: FAudioDevice initialized.
[2017.04.10-15.34.57:217][  0]LogDerivedDataCache: Saved boot cache 0.03s 50MB C:/Users/Sophia/AppData/Local/UnrealEngine/4.14/DerivedDataCache/Boot.ddc.
[2017.04.10-15.34.57:225][  0]LogInit: Texture streaming: Enabled
[2017.04.10-15.34.57:461][  0]LogInit: Transaction tracking system initialized
[2017.04.10-15.34.57:907][  0]BlueprintLog: New page: Editor Load
[2017.04.10-15.34.59:061][  0]LocalizationService: Info Localization service is disabled
[2017.04.10-15.35.00:060][  0]LogConsoleResponse:Display: 
[2017.04.10-15.35.00:199][  0]LogCook:Display: Max memory allowance for cook 16384mb min free memory 0mb
[2017.04.10-15.35.00:199][  0]LogCook:Display: Mobile HDR setting 1
[2017.04.10-15.35.01:047][  0]LogFileCache: Scanning file cache for directory 'C:/Users/Sophia/Documents/Unreal Projects/Content/' took 0.02s
[2017.04.10-15.35.01:423][  0]SourceControl: Info Source control is disabled
[2017.04.10-15.35.01:423][  0]Cmd: MAP LOAD FILE="../../../../Documents/Unreal Projects/Content/FirstPersonBP/Maps/FirstPersonExampleMap.umap" TEMPLATE=0 SHOWPROGRESS=1 FEATURELEVEL=3
[2017.04.10-15.35.01:424][  0]LightingResults: New page: Lighting Build
[2017.04.10-15.35.01:477][  0]MapCheck: New page: Map Check
[2017.04.10-15.35.01:477][  0]LightingResults: New page: Lighting Build
[2017.04.10-15.35.02:467][  0]LogAIModule: Creating AISystem for world FirstPersonExampleMap
[2017.04.10-15.35.02:509][  0]LogEditorServer: Finished looking for orphan Actors (0.000 secs)
[2017.04.10-15.35.02:510][  0]Cmd: MAP CHECKDEP NOCLEARLOG
[2017.04.10-15.35.02:564][  0]MapCheck: Info Map check complete: 0 Error(s), 0 Warning(s), took 54.191ms to complete.
[2017.04.10-15.35.02:564][  0]LogFileHelpers: Loading map 'FirstPersonExampleMap' took 1.141
[2017.04.10-15.35.02:736][  0]LogCollectionManager: Loaded 0 collections in 0.001846 seconds
[2017.04.10-15.35.02:826][  0]LogFileCache: Scanning file cache for directory 'C:/Users/Sophia/Documents/Unreal Projects/Saved/Collections/' took 0.01s
[2017.04.10-15.35.02:826][  0]LogFileCache: Scanning file cache for directory 'C:/Users/Sophia/Documents/Unreal Projects/Content/Developers/Sophia/Collections/' took 0.01s
[2017.04.10-15.35.02:826][  0]LogFileCache: Scanning file cache for directory 'C:/Users/Sophia/Documents/Unreal Projects/Content/Collections/' took 0.01s
[2017.04.10-15.35.02:826][  0]LogCollectionManager: Rebuilt the GUID cache for 0 collections in 0.000001 seconds
[2017.04.10-15.35.02:835][  0]LogContentBrowser: Native class hierarchy populated in 0.0088 seconds. Added 2190 classes and 428 folders.
[2017.04.10-15.35.02:891][  0]LogStats: UGameplayTagsManager::ConstructGameplayTagTree: Construct from data asset -  0.000 s
[2017.04.10-15.35.02:891][  0]LogStats: UGameplayTagsManager::ConstructGameplayTagTree: GameplayTagTreeChangedEvent.Broadcast -  0.000 s
[2017.04.10-15.35.02:891][  0]LogContentBrowser: Native class hierarchy updated for 'GameplayTags' in 0.0005 seconds. Added 13 classes and 0 folders.
[2017.04.10-15.35.02:974][  0]LogContentBrowser: Native class hierarchy updated for 'WidgetCarousel' in 0.0006 seconds. Added 0 classes and 0 folders.
[2017.04.10-15.35.03:021][  0]LogContentBrowser: Native class hierarchy updated for 'AddContentDialog' in 0.0005 seconds. Added 0 classes and 0 folders.
[2017.04.10-15.35.03:107][  0]LogContentBrowser: Native class hierarchy updated for 'SceneOutliner' in 0.0008 seconds. Added 1 classes and 2 folders.
[2017.04.10-15.35.03:155][  0]LogCrashTracker: Crashtracker disabled due to settings.
[2017.04.10-15.35.03:161][  0]LogUObjectGlobals:Warning: Failed to find object 'Class None.'
[2017.04.10-15.35.03:265][  0]LogContentBrowser: Native class hierarchy updated for 'HierarchicalLODOutliner' in 0.0004 seconds. Added 1 classes and 2 folders.
[2017.04.10-15.35.03:265][  0]LogLoad: (Engine Initialization) Total time: 18.48 seconds
[2017.04.10-15.35.03:265][  0]LogLoad: (Engine Initialization) Total Blueprint compile time: 0.25 seconds
[2017.04.10-15.35.03:265][  0]LogExternalProfiler: No external profilers were discovered.  External profiling features will not be available.
[2017.04.10-15.35.03:282][  0]LogOcInput: OculusInput pre-init called
[2017.04.10-15.35.03:302][  0]LogContentStreaming: Texture pool size now 1000 MB
[2017.04.10-15.35.03:482][  0]LogRenderer: Reallocating scene render targets to support 1208x576 NumSamples 1 (Frame:2).
[2017.04.10-15.35.03:559][  1]LogAssetRegistry: Asset discovery search completed in 11.5711 seconds
[2017.04.10-15.35.03:559][  1]LogCollectionManager: Rebuilt the object cache for 0 collections in 0.000001 seconds (found 0 objects)
[2017.04.10-15.35.03:559][  1]LogCollectionManager: Fixed up redirectors for 0 collections in 0.000014 seconds (updated 0 objects)
[2017.04.10-15.37.15:477][779]SourceControl:Error: Error Failed to enable Git source control. You need to initialize the project as a Git repository first.
[2017.04.10-15.37.27:275][ 24]SourceControl: Info Source control is disabled
[2017.04.10-15.37.37:921][599]LogWindows: LaunchURL https://wiki.unrealengine.com/Git_source_control_(Tutorial)
[2017.04.10-15.39.23:449][459]SourceControl:Error: Error Failed to enable Git source control. You need to initialize the project as a Git repository first.
[2017.04.10-15.40.31:021][188]LogEditorViewport: Clicking on Actor (LMB): BP_Sky_Sphere_C (SkySphereBlueprint)
[2017.04.10-15.40.37:114][339]SourceControl:Error: Error Failed to enable Git source control. You need to initialize the project as a Git repository first.
[2017.04.10-15.42.00:535][637]LogEditorViewport: Clicking on Actor (LMB): BP_Sky_Sphere_C (SkySphereBlueprint)
[2017.04.10-15.42.36:870][ 20]LogEditorViewport: Clicking on Actor (LMB): BP_Sky_Sphere_C (SkySphereBlueprint)
[2017.04.10-15.42.43:855][196]SourceControl:Error: Error Failed to enable Git source control. You need to initialize the project as a Git repository first.
[2017.04.10-15.44.07:972][764]SourceControl:Error: Error Failed to enable Git source control. You need to initialize the project as a Git repository first.
[2017.04.10-15.54.08:927][315]SourceControl: Info On branch master
[2017.04.10-15.54.08:927][315]SourceControl: Info Your branch is ahead of 'origin/master' by 1 commit.
[2017.04.10-15.54.08:927][315]SourceControl: Info   (use "git push" to publish your local commits)
[2017.04.10-15.54.08:927][315]SourceControl: Info Changes not staged for commit:
[2017.04.10-15.54.08:927][315]SourceControl: Info   (use "git add <file>..." to update what will be committed)
[2017.04.10-15.54.08:927][315]SourceControl: Info   (use "git checkout -- <file>..." to discard changes in working directory)
[2017.04.10-15.54.08:927][315]SourceControl: Info 	modified:   Intermediate/CachedAssetRegistry.bin
[2017.04.10-15.54.08:927][315]SourceControl: Info 	modified:   Saved/Config/Windows/Editor.ini
[2017.04.10-15.54.08:927][315]SourceControl: Info 	modified:   Saved/Config/Windows/EditorPerProjectUserSettings.ini
[2017.04.10-15.54.08:927][315]SourceControl: Info 	modified:   Saved/Config/Windows/Engine.ini
[2017.04.10-15.54.08:927][315]SourceControl: Info 	modified:   Saved/Logs/ChurchModel.log
[2017.04.10-15.54.08:927][315]SourceControl: Info Untracked files:
[2017.04.10-15.54.08:927][315]SourceControl: Info   (use "git add <file>..." to include in what will be committed)
[2017.04.10-15.54.08:927][315]SourceControl: Info 	Saved/Logs/ChurchModel-backup-2017.04.10-11.34.46.log
[2017.04.10-15.54.08:927][315]SourceControl: Info 	Saved/Logs/UE4CC-Windows-7DA31DD645B2E1A91DBA5293D2A28A3F/
[2017.04.10-15.54.08:927][315]SourceControl: Info no changes added to commit (use "git add" and/or "git commit -a")
[2017.04.10-15.56.05:353][194]SourceControl: Info On branch master
[2017.04.10-15.56.05:353][194]SourceControl: Info Your branch is ahead of 'origin/master' by 1 commit.
[2017.04.10-15.56.05:353][194]SourceControl: Info   (use "git push" to publish your local commits)
[2017.04.10-15.56.05:353][194]SourceControl: Info Changes not staged for commit:
[2017.04.10-15.56.05:353][194]SourceControl: Info   (use "git add <file>..." to update what will be committed)
[2017.04.10-15.56.05:353][194]SourceControl: Info   (use "git checkout -- <file>..." to discard changes in working directory)
[2017.04.10-15.56.05:353][194]SourceControl: Info 	modified:   Intermediate/CachedAssetRegistry.bin
[2017.04.10-15.56.05:353][194]SourceControl: Info 	modified:   Saved/Config/Windows/Editor.ini
[2017.04.10-15.56.05:353][194]SourceControl: Info 	modified:   Saved/Config/Windows/EditorPerProjectUserSettings.ini
[2017.04.10-15.56.05:353][194]SourceControl: Info 	modified:   Saved/Config/Windows/Engine.ini
[2017.04.10-15.56.05:353][194]SourceControl: Info 	modified:   Saved/Logs/ChurchModel.log
[2017.04.10-15.56.05:353][194]SourceControl: Info Untracked files:
[2017.04.10-15.56.05:353][194]SourceControl: Info   (use "git add <file>..." to include in what will be committed)
[2017.04.10-15.56.05:353][194]SourceControl: Info 	Saved/Logs/ChurchModel-backup-2017.04.10-11.34.46.log
[2017.04.10-15.56.05:353][194]SourceControl: Info 	Saved/Logs/UE4CC-Windows-7DA31DD645B2E1A91DBA5293D2A28A3F/
[2017.04.10-15.56.05:353][194]SourceControl: Info no changes added to commit (use "git add" and/or "git commit -a")
[2017.04.10-15.56.09:925][723]SourceControl: Info fatal: C:/Users/Sophia/UE_4.14/Engine/Content/: 'C:/Users/Sophia/UE_4.14/Engine/Content/' is outside repository
[2017.04.10-15.56.10:053][723]LogPackageName:Error: Illegal call to DoesPackageExist: '../../../../Documents/Unreal Projects/ChurchModel.uproject' is not a standard unreal filename or a long path name. Reason: Path should be no less than 4 characters long.
[2017.04.10-15.56.10:069][723]LogStats: FPlatformStackWalk::StackWalkAndDump -  0.016 s
[2017.04.10-15.56.10:069][723]LogOutputDevice:Error: === Handled ensure: ===
[2017.04.10-15.56.10:069][723]LogOutputDevice:Error: 
[2017.04.10-15.56.10:069][723]LogOutputDevice:Error: Ensure condition failed: false [File:D:\Build\++UE4+Release-4.14+Compile\Sync\Engine\Source\Runtime\CoreUObject\Private\Misc\PackageName.cpp] [Line: 624]
[2017.04.10-15.56.10:069][723]LogOutputDevice:Error: Illegal call to DoesPackageExist: '../../../../Documents/Unreal Projects/ChurchModel.uproject' is not a standard unreal filename or a long path name. Reason: Path should be no less than 4 characters long.
[2017.04.10-15.56.10:069][723]LogOutputDevice:Error: Stack: 
[2017.04.10-15.56.10:069][723]LogOutputDevice:Error: UE4Editor-Core.dll
[2017.04.10-15.56.10:069][723]LogOutputDevice:Error: UE4Editor-Core.dll
[2017.04.10-15.56.10:069][723]LogOutputDevice:Error: UE4Editor-Core.dll
[2017.04.10-15.56.10:069][723]LogOutputDevice:Error: UE4Editor-CoreUObject.dll
[2017.04.10-15.56.10:069][723]LogOutputDevice:Error: UE4Editor-SourceControl.dll
[2017.04.10-15.56.10:069][723]LogOutputDevice:Error: UE4Editor-SourceControl.dll
[2017.04.10-15.56.10:069][723]LogOutputDevice:Error: UE4Editor-SourceControlWindows.dll
[2017.04.10-15.56.10:069][723]LogOutputDevice:Error: UE4Editor-SourceControlWindows.dll
[2017.04.10-15.56.10:069][723]LogOutputDevice:Error: UE4Editor-SourceControlWindows.dll
[2017.04.10-15.56.10:069][723]LogOutputDevice:Error: UE4Editor-SourceControlWindows.dll
[2017.04.10-15.56.10:069][723]LogOutputDevice:Error: UE4Editor-GitSourceControl.dll
[2017.04.10-15.56.10:069][723]LogOutputDevice:Error: UE4Editor-GitSourceControl.dll
[2017.04.10-15.56.10:069][723]LogOutputDevice:Error: UE4Editor-SourceControl.dll
[2017.04.10-15.56.10:069][723]LogOutputDevice:Error: UE4Editor-UnrealEd.dll
[2017.04.10-15.56.10:069][723]LogOutputDevice:Error: UE4Editor-UnrealEd.dll
[2017.04.10-15.56.10:069][723]LogOutputDevice:Error: UE4Editor.exe
[2017.04.10-15.56.10:069][723]LogOutputDevice:Error: UE4Editor.exe
[2017.04.10-15.56.10:069][723]LogOutputDevice:Error: UE4Editor.exe
[2017.04.10-15.56.10:069][723]LogOutputDevice:Error: UE4Editor.exe
[2017.04.10-15.56.10:069][723]LogOutputDevice:Error: UE4Editor.exe
[2017.04.10-15.56.10:069][723]LogOutputDevice:Error: KERNEL32.DLL
[2017.04.10-15.56.10:069][723]LogOutputDevice:Error: ntdll.dll
[2017.04.10-15.56.10:069][723]LogOutputDevice:Error: 
[2017.04.10-15.56.10:077][723]LogStats:                SubmitErrorReport -  0.000 s
